#
# There is insufficient memory for the Java Runtime Environment to continue.
# Native memory allocation (malloc) failed to allocate 32744 bytes for ChunkPool::allocate
# Possible reasons:
#   The system is out of physical RAM or swap space
#   In 32 bit mode, the process size limit was hit
# Possible solutions:
#   Reduce memory load on the system
#   Increase physical memory or swap space
#   Check if swap backing store is full
#   Use 64 bit Java on a 64 bit OS
#   Decrease Java heap size (-Xmx/-Xms)
#   Decrease number of Java threads
#   Decrease Java thread stack sizes (-Xss)
#   Set larger code cache with -XX:ReservedCodeCacheSize=
# This output file may be truncated or incomplete.
#
#  Out of Memory Error (allocation.cpp:273), pid=9708, tid=0x00000000000012fc
#
# JRE version: Java(TM) SE Runtime Environment (8.0_191-b12) (build 1.8.0_191-b12)
# Java VM: Java HotSpot(TM) 64-Bit Server VM (25.191-b12 mixed mode windows-amd64 compressed oops)
# Failed to write core dump. Minidumps are not enabled by default on client versions of Windows
#

---------------  T H R E A D  ---------------

Current thread (0x0000000017f0a000):  JavaThread "C2 CompilerThread1" daemon [_thread_in_native, id=4860, stack(0x0000000019680000,0x0000000019780000)]

Stack: [0x0000000019680000,0x0000000019780000]
[error occurred during error reporting (printing stack bounds), id 0xc0000005]

Native frames: (J=compiled Java code, j=interpreted, Vv=VM code, C=native code)


Current CompileTask:
C2:   4805 1607   !   4       java.net.URLClassLoader$1::run (63 bytes)


---------------  P R O C E S S  ---------------

Java Threads: ( => current thread )
  0x000000001af7d000 JavaThread "background-preinit" [_thread_in_Java, id=8916, stack(0x000000001bdb0000,0x000000001beb0000)]
  0x0000000019a35000 JavaThread "surefire-forkedjvm-ping-30s" daemon [_thread_in_native, id=13608, stack(0x0000000019f80000,0x000000001a080000)]
  0x000000001994f800 JavaThread "surefire-forkedjvm-command-thread" daemon [_thread_in_native, id=13528, stack(0x0000000019e80000,0x0000000019f80000)]
  0x0000000017f4e000 JavaThread "Service Thread" daemon [_thread_blocked, id=8472, stack(0x0000000019c80000,0x0000000019d80000)]
  0x0000000017f25000 JavaThread "C1 CompilerThread2" daemon [_thread_in_native, id=8904, stack(0x0000000019780000,0x0000000019880000)]
=>0x0000000017f0a000 JavaThread "C2 CompilerThread1" daemon [_thread_in_native, id=4860, stack(0x0000000019680000,0x0000000019780000)]
  0x0000000017ef7800 JavaThread "C2 CompilerThread0" daemon [_thread_in_native, id=10916, stack(0x0000000019580000,0x0000000019680000)]
  0x0000000017ef6800 JavaThread "Attach Listener" daemon [_thread_blocked, id=12488, stack(0x0000000019480000,0x0000000019580000)]
  0x0000000017ef4800 JavaThread "Signal Dispatcher" daemon [_thread_blocked, id=1148, stack(0x0000000019380000,0x0000000019480000)]
  0x000000000346a800 JavaThread "Finalizer" daemon [_thread_blocked, id=13360, stack(0x0000000019170000,0x0000000019270000)]
  0x0000000003462000 JavaThread "Reference Handler" daemon [_thread_blocked, id=7788, stack(0x0000000019070000,0x0000000019170000)]
  0x000000000326e800 JavaThread "main" [_thread_in_vm, id=12932, stack(0x0000000003270000,0x0000000003370000)]

Other Threads:
  0x0000000017eb6800 VMThread [stack: 0x0000000018f70000,0x0000000019070000] [id=2884]
  0x00000000198d2800 WatcherThread [stack: 0x0000000019d80000,0x0000000019e80000] [id=7260]

VM state:not at safepoint (normal execution)

VM Mutex/Monitor currently owned by a thread: None

Heap:
 PSYoungGen      total 67584K, used 19966K [0x00000000d6400000, 0x00000000de380000, 0x0000000100000000)
  eden space 62464K, 24% used [0x00000000d6400000,0x00000000d730ae48,0x00000000da100000)
  from space 5120K, 89% used [0x00000000da900000,0x00000000dad749e0,0x00000000dae00000)
  to   space 8192K, 0% used [0x00000000da100000,0x00000000da100000,0x00000000da900000)
 ParOldGen       total 49152K, used 9245K [0x0000000082c00000, 0x0000000085c00000, 0x00000000d6400000)
  object space 49152K, 18% used [0x0000000082c00000,0x0000000083507738,0x0000000085c00000)
 Metaspace       used 25161K, capacity 25814K, committed 26032K, reserved 1071104K
  class space    used 3225K, capacity 3397K, committed 3504K, reserved 1048576K

Card table byte_map: [0x0000000012830000,0x0000000012c20000] byte_map_base: 0x000000001241a000

Marking Bits: (ParMarkBitMap*) 0x0000000050d73e30
 Begin Bits: [0x00000000132c0000, 0x0000000015210000)
 End Bits:   [0x0000000015210000, 0x0000000017160000)

Polling page: 0x0000000001850000

CodeCache: size=245760Kb used=6970Kb max_used=6970Kb free=238789Kb
 bounds [0x0000000003470000, 0x0000000003b50000, 0x0000000012470000]
 total_blobs=2382 nmethods=1993 adapters=301
 compilation: enabled

Compilation events (10 events):
Event: 4.790 Thread 0x0000000017f25000 nmethod 1999 0x0000000003b3b5d0 code [0x0000000003b3b760, 0x0000000003b3ba68]
Event: 4.790 Thread 0x0000000017f25000 1997   !   2       sun.reflect.GeneratedMethodAccessor8::invoke (66 bytes)
Event: 4.790 Thread 0x0000000017f25000 nmethod 1997 0x0000000003b3bbd0 code [0x0000000003b3bda0, 0x0000000003b3c2a8]
Event: 4.790 Thread 0x0000000017f25000 2001       2       sun.misc.Unsafe::getAndAddInt (27 bytes)
Event: 4.791 Thread 0x0000000017f25000 nmethod 2001 0x0000000003b3c690 code [0x0000000003b3c7e0, 0x0000000003b3c990]
Event: 4.791 Thread 0x0000000017f25000 1998       1       java.util.logging.LogManager::access$500 (5 bytes)
Event: 4.791 Thread 0x0000000017f25000 nmethod 1998 0x0000000003b3ca50 code [0x0000000003b3cba0, 0x0000000003b3cc90]
Event: 4.799 Thread 0x0000000017f25000 2002       2       org.springframework.core.type.classreading.AnnotationMetadataReadingVisitor::visitInnerClass (10 bytes)
Event: 4.799 Thread 0x0000000017f25000 nmethod 2002 0x0000000003b3cd10 code [0x0000000003b3ce80, 0x0000000003b3cfe8]
Event: 4.800 Thread 0x0000000017f25000 2003       2       org.springframework.core.type.classreading.ClassMetadataReadingVisitor::visitInnerClass (79 bytes)

GC Heap History (10 events):
Event: 3.125 GC heap before
{Heap before GC invocations=3 (full 0):
 PSYoungGen      total 37888K, used 37863K [0x00000000d6400000, 0x00000000d8e00000, 0x0000000100000000)
  eden space 32768K, 100% used [0x00000000d6400000,0x00000000d8400000,0x00000000d8400000)
  from space 5120K, 99% used [0x00000000d8900000,0x00000000d8df9d98,0x00000000d8e00000)
  to   space 5120K, 0% used [0x00000000d8400000,0x00000000d8400000,0x00000000d8900000)
 ParOldGen       total 86016K, used 590K [0x0000000082c00000, 0x0000000088000000, 0x00000000d6400000)
  object space 86016K, 0% used [0x0000000082c00000,0x0000000082c93b28,0x0000000088000000)
 Metaspace       used 16649K, capacity 17144K, committed 17408K, reserved 1064960K
  class space    used 2154K, capacity 2276K, committed 2304K, reserved 1048576K
Event: 3.135 GC heap after
Heap after GC invocations=3 (full 0):
 PSYoungGen      total 37888K, used 5109K [0x00000000d6400000, 0x00000000dae00000, 0x0000000100000000)
  eden space 32768K, 0% used [0x00000000d6400000,0x00000000d6400000,0x00000000d8400000)
  from space 5120K, 99% used [0x00000000d8400000,0x00000000d88fd548,0x00000000d8900000)
  to   space 5120K, 0% used [0x00000000da900000,0x00000000da900000,0x00000000dae00000)
 ParOldGen       total 86016K, used 1671K [0x0000000082c00000, 0x0000000088000000, 0x00000000d6400000)
  object space 86016K, 1% used [0x0000000082c00000,0x0000000082da1f38,0x0000000088000000)
 Metaspace       used 16649K, capacity 17144K, committed 17408K, reserved 1064960K
  class space    used 2154K, capacity 2276K, committed 2304K, reserved 1048576K
}
Event: 3.604 GC heap before
{Heap before GC invocations=4 (full 0):
 PSYoungGen      total 37888K, used 37877K [0x00000000d6400000, 0x00000000dae00000, 0x0000000100000000)
  eden space 32768K, 100% used [0x00000000d6400000,0x00000000d8400000,0x00000000d8400000)
  from space 5120K, 99% used [0x00000000d8400000,0x00000000d88fd548,0x00000000d8900000)
  to   space 5120K, 0% used [0x00000000da900000,0x00000000da900000,0x00000000dae00000)
 ParOldGen       total 86016K, used 1702K [0x0000000082c00000, 0x0000000088000000, 0x00000000d6400000)
  object space 86016K, 1% used [0x0000000082c00000,0x0000000082da9b48,0x0000000088000000)
 Metaspace       used 19857K, capacity 20422K, committed 20736K, reserved 1067008K
  class space    used 2587K, capacity 2739K, committed 2816K, reserved 1048576K
Event: 3.618 GC heap after
Heap after GC invocations=4 (full 0):
 PSYoungGen      total 70656K, used 5106K [0x00000000d6400000, 0x00000000dae00000, 0x0000000100000000)
  eden space 65536K, 0% used [0x00000000d6400000,0x00000000d6400000,0x00000000da400000)
  from space 5120K, 99% used [0x00000000da900000,0x00000000dadfc8c0,0x00000000dae00000)
  to   space 5120K, 0% used [0x00000000da400000,0x00000000da400000,0x00000000da900000)
 ParOldGen       total 86016K, used 4433K [0x0000000082c00000, 0x0000000088000000, 0x00000000d6400000)
  object space 86016K, 5% used [0x0000000082c00000,0x0000000083054648,0x0000000088000000)
 Metaspace       used 19857K, capacity 20422K, committed 20736K, reserved 1067008K
  class space    used 2587K, capacity 2739K, committed 2816K, reserved 1048576K
}
Event: 3.729 GC heap before
{Heap before GC invocations=5 (full 0):
 PSYoungGen      total 70656K, used 15233K [0x00000000d6400000, 0x00000000dae00000, 0x0000000100000000)
  eden space 65536K, 15% used [0x00000000d6400000,0x00000000d6de3f00,0x00000000da400000)
  from space 5120K, 99% used [0x00000000da900000,0x00000000dadfc8c0,0x00000000dae00000)
  to   space 5120K, 0% used [0x00000000da400000,0x00000000da400000,0x00000000da900000)
 ParOldGen       total 86016K, used 4433K [0x0000000082c00000, 0x0000000088000000, 0x00000000d6400000)
  object space 86016K, 5% used [0x0000000082c00000,0x0000000083054648,0x0000000088000000)
 Metaspace       used 20717K, capacity 21222K, committed 21296K, reserved 1067008K
  class space    used 2683K, capacity 2835K, committed 2864K, reserved 1048576K
Event: 3.744 GC heap after
Heap after GC invocations=5 (full 0):
 PSYoungGen      total 70656K, used 5093K [0x00000000d6400000, 0x00000000dae00000, 0x0000000100000000)
  eden space 65536K, 0% used [0x00000000d6400000,0x00000000d6400000,0x00000000da400000)
  from space 5120K, 99% used [0x00000000da400000,0x00000000da8f96d0,0x00000000da900000)
  to   space 5120K, 0% used [0x00000000da900000,0x00000000da900000,0x00000000dae00000)
 ParOldGen       total 86016K, used 5334K [0x0000000082c00000, 0x0000000088000000, 0x00000000d6400000)
  object space 86016K, 6% used [0x0000000082c00000,0x0000000083135b38,0x0000000088000000)
 Metaspace       used 20717K, capacity 21222K, committed 21296K, reserved 1067008K
  class space    used 2683K, capacity 2835K, committed 2864K, reserved 1048576K
}
Event: 3.744 GC heap before
{Heap before GC invocations=6 (full 1):
 PSYoungGen      total 70656K, used 5093K [0x00000000d6400000, 0x00000000dae00000, 0x0000000100000000)
  eden space 65536K, 0% used [0x00000000d6400000,0x00000000d6400000,0x00000000da400000)
  from space 5120K, 99% used [0x00000000da400000,0x00000000da8f96d0,0x00000000da900000)
  to   space 5120K, 0% used [0x00000000da900000,0x00000000da900000,0x00000000dae00000)
 ParOldGen       total 86016K, used 5334K [0x0000000082c00000, 0x0000000088000000, 0x00000000d6400000)
  object space 86016K, 6% used [0x0000000082c00000,0x0000000083135b38,0x0000000088000000)
 Metaspace       used 20717K, capacity 21222K, committed 21296K, reserved 1067008K
  class space    used 2683K, capacity 2835K, committed 2864K, reserved 1048576K
Event: 3.788 GC heap after
Heap after GC invocations=6 (full 1):
 PSYoungGen      total 70656K, used 0K [0x00000000d6400000, 0x00000000dae00000, 0x0000000100000000)
  eden space 65536K, 0% used [0x00000000d6400000,0x00000000d6400000,0x00000000da400000)
  from space 5120K, 0% used [0x00000000da400000,0x00000000da400000,0x00000000da900000)
  to   space 5120K, 0% used [0x00000000da900000,0x00000000da900000,0x00000000dae00000)
 ParOldGen       total 49152K, used 5869K [0x0000000082c00000, 0x0000000085c00000, 0x00000000d6400000)
  object space 49152K, 11% used [0x0000000082c00000,0x00000000831bb6e0,0x0000000085c00000)
 Metaspace       used 20717K, capacity 21222K, committed 21296K, reserved 1067008K
  class space    used 2683K, capacity 2835K, committed 2864K, reserved 1048576K
}
Event: 4.471 GC heap before
{Heap before GC invocations=7 (full 1):
 PSYoungGen      total 70656K, used 65536K [0x00000000d6400000, 0x00000000dae00000, 0x0000000100000000)
  eden space 65536K, 100% used [0x00000000d6400000,0x00000000da400000,0x00000000da400000)
  from space 5120K, 0% used [0x00000000da400000,0x00000000da400000,0x00000000da900000)
  to   space 5120K, 0% used [0x00000000da900000,0x00000000da900000,0x00000000dae00000)
 ParOldGen       total 49152K, used 9237K [0x0000000082c00000, 0x0000000085c00000, 0x00000000d6400000)
  object space 49152K, 18% used [0x0000000082c00000,0x0000000083505738,0x0000000085c00000)
 Metaspace       used 23623K, capacity 24266K, committed 24496K, reserved 1071104K
  class space    used 3058K, capacity 3241K, committed 3248K, reserved 1048576K
Event: 4.479 GC heap after
Heap after GC invocations=7 (full 1):
 PSYoungGen      total 67584K, used 4562K [0x00000000d6400000, 0x00000000de380000, 0x0000000100000000)
  eden space 62464K, 0% used [0x00000000d6400000,0x00000000d6400000,0x00000000da100000)
  from space 5120K, 89% used [0x00000000da900000,0x00000000dad749e0,0x00000000dae00000)
  to   space 8192K, 0% used [0x00000000da100000,0x00000000da100000,0x00000000da900000)
 ParOldGen       total 49152K, used 9245K [0x0000000082c00000, 0x0000000085c00000, 0x00000000d6400000)
  object space 49152K, 18% used [0x0000000082c00000,0x0000000083507738,0x0000000085c00000)
 Metaspace       used 23623K, capacity 24266K, committed 24496K, reserved 1071104K
  class space    used 3058K, capacity 3241K, committed 3248K, reserved 1048576K
}

Deoptimization events (10 events):
Event: 1.837 Thread 0x000000000326e800 Uncommon trap: reason=unstable_if action=reinterpret pc=0x00000000037498d4 method=java.util.Properties$LineReader.readLine()I @ 105
Event: 1.893 Thread 0x000000000326e800 Uncommon trap: reason=range_check action=make_not_entrant pc=0x000000000373b220 method=sun.reflect.generics.parser.SignatureParser.current()C @ 34
Event: 2.676 Thread 0x000000001af7d000 Uncommon trap: reason=unstable_if action=reinterpret pc=0x000000000386c378 method=java.util.concurrent.ConcurrentHashMap.addCount(JI)V @ 7
Event: 2.858 Thread 0x000000000326e800 Uncommon trap: reason=unstable_if action=reinterpret pc=0x0000000003869214 method=java.net.URL.<init>(Ljava/net/URL;Ljava/lang/String;Ljava/net/URLStreamHandler;)V @ 347
Event: 3.057 Thread 0x000000000326e800 Uncommon trap: reason=null_assert action=make_not_entrant pc=0x0000000003767864 method=java.util.zip.ZipEntry.<init>(Ljava/util/zip/ZipEntry;)V @ 70
Event: 3.103 Thread 0x000000000326e800 Uncommon trap: reason=unstable_if action=reinterpret pc=0x0000000003702560 method=java.util.HashMap.hash(Ljava/lang/Object;)I @ 1
Event: 4.092 Thread 0x000000000326e800 Uncommon trap: reason=unstable_if action=reinterpret pc=0x00000000038fb2bc method=java.util.concurrent.ConcurrentHashMap.transfer([Ljava/util/concurrent/ConcurrentHashMap$Node;[Ljava/util/concurrent/ConcurrentHashMap$Node;)V @ 34
Event: 4.092 Thread 0x000000001af7d000 Uncommon trap: reason=unstable_if action=reinterpret pc=0x00000000038fb2ec method=java.util.concurrent.ConcurrentHashMap.transfer([Ljava/util/concurrent/ConcurrentHashMap$Node;[Ljava/util/concurrent/ConcurrentHashMap$Node;)V @ 277
Event: 4.203 Thread 0x000000000326e800 Uncommon trap: reason=unstable_if action=reinterpret pc=0x000000000389d760 method=org.springframework.boot.context.properties.source.ConfigurationPropertyName$ElementsParser.isValidChar(CI)Z @ 21
Event: 4.324 Thread 0x000000001af7d000 Uncommon trap: reason=unstable_if action=reinterpret pc=0x000000000391ad68 method=jdk.internal.org.objectweb.asm.Type.getArgumentsAndReturnSizes(Ljava/lang/String;)I @ 47

Classes redefined (0 events):
No events

Internal exceptions (10 events):
Event: 3.373 Thread 0x000000000326e800 Exception <a 'java/lang/ClassNotFoundException': org/springframework/core/PriorityOrderedCustomizer> (0x00000000d75b2dc0) thrown at [C:\re\workspace\8-2-build-windows-amd64-cygwin\jdk8u191\11896\hotspot\src\share\vm\classfile\systemDictionary.cpp, line 21
Event: 3.374 Thread 0x000000000326e800 Exception <a 'java/lang/ClassNotFoundException': org/springframework/core/OrderedCustomizer> (0x00000000d75c86a8) thrown at [C:\re\workspace\8-2-build-windows-amd64-cygwin\jdk8u191\11896\hotspot\src\share\vm\classfile\systemDictionary.cpp, line 210]
Event: 3.375 Thread 0x000000000326e800 Exception <a 'java/lang/ClassNotFoundException': org/springframework/context/ResourceLoaderAwareCustomizer> (0x00000000d75e3b58) thrown at [C:\re\workspace\8-2-build-windows-amd64-cygwin\jdk8u191\11896\hotspot\src\share\vm\classfile\systemDictionary.cpp, 
Event: 3.376 Thread 0x000000000326e800 Exception <a 'java/lang/ClassNotFoundException': org/springframework/beans/factory/AwareCustomizer> (0x00000000d75fccc8) thrown at [C:\re\workspace\8-2-build-windows-amd64-cygwin\jdk8u191\11896\hotspot\src\share\vm\classfile\systemDictionary.cpp, line 210
Event: 3.377 Thread 0x000000000326e800 Exception <a 'java/lang/ClassNotFoundException': org/springframework/beans/factory/BeanClassLoaderAwareCustomizer> (0x00000000d7619bb8) thrown at [C:\re\workspace\8-2-build-windows-amd64-cygwin\jdk8u191\11896\hotspot\src\share\vm\classfile\systemDictionar
Event: 3.379 Thread 0x000000000326e800 Exception <a 'java/lang/ClassNotFoundException': org/springframework/beans/factory/AwareCustomizer> (0x00000000d769de20) thrown at [C:\re\workspace\8-2-build-windows-amd64-cygwin\jdk8u191\11896\hotspot\src\share\vm\classfile\systemDictionary.cpp, line 210
Event: 3.382 Thread 0x000000000326e800 Exception <a 'java/lang/ClassNotFoundException': org/springframework/context/EnvironmentAwareCustomizer> (0x00000000d76b7800) thrown at [C:\re\workspace\8-2-build-windows-amd64-cygwin\jdk8u191\11896\hotspot\src\share\vm\classfile\systemDictionary.cpp, lin
Event: 3.383 Thread 0x000000000326e800 Exception <a 'java/lang/ClassNotFoundException': org/springframework/beans/factory/AwareCustomizer> (0x00000000d76d0868) thrown at [C:\re\workspace\8-2-build-windows-amd64-cygwin\jdk8u191\11896\hotspot\src\share\vm\classfile\systemDictionary.cpp, line 210
Event: 3.820 Thread 0x000000000326e800 Exception <a 'java/lang/IncompatibleClassChangeError': Found class java.lang.Object, but interface was expected> (0x00000000d663f950) thrown at [C:\re\workspace\8-2-build-windows-amd64-cygwin\jdk8u191\11896\hotspot\src\share\vm\interpreter\linkResolver.cp
Event: 4.330 Thread 0x000000001af7d000 Exception <a 'java/lang/IncompatibleClassChangeError': Found class java.lang.Object, but interface was expected> (0x00000000d8201a80) thrown at [C:\re\workspace\8-2-build-windows-amd64-cygwin\jdk8u191\11896\hotspot\src\share\vm\interpreter\linkResolver.cp

Events (10 events):
Event: 4.752 loading class org/springframework/data/web/config/ProjectingArgumentResolverRegistrar
Event: 4.752 loading class org/springframework/data/web/config/ProjectingArgumentResolverRegistrar done
Event: 4.756 loading class org/springframework/hateoas/Link
Event: 4.756 loading class org/springframework/hateoas/Link done
Event: 4.756 loading class org/springframework/hateoas$Link
Event: 4.756 loading class org/springframework/hateoas$Link done
Event: 4.758 loading class org/springframework/data/web/config/SpringDataWebConfiguration
Event: 4.758 loading class org/springframework/data/web/config/SpringDataWebConfiguration done
Event: 4.792 loading class org/springframework/data/web/config/SpringDataJacksonModules
Event: 4.792 loading class org/springframework/data/web/config/SpringDataJacksonModules done


Dynamic libraries:
0x00007ff7a9810000 - 0x00007ff7a9847000 	C:\Program Files\Java\jdk1.8.0_191\jre\bin\java.exe
0x00007fffa66a0000 - 0x00007fffa6890000 	C:\WINDOWS\SYSTEM32\ntdll.dll
0x00007fffa5370000 - 0x00007fffa5422000 	C:\WINDOWS\System32\KERNEL32.DLL
0x00007fffa3850000 - 0x00007fffa3af3000 	C:\WINDOWS\System32\KERNELBASE.dll
0x00007fffa6280000 - 0x00007fffa6323000 	C:\WINDOWS\System32\ADVAPI32.dll
0x00007fffa5210000 - 0x00007fffa52ae000 	C:\WINDOWS\System32\msvcrt.dll
0x00007fffa5170000 - 0x00007fffa5207000 	C:\WINDOWS\System32\sechost.dll
0x00007fffa5a50000 - 0x00007fffa5b70000 	C:\WINDOWS\System32\RPCRT4.dll
0x00007fffa6390000 - 0x00007fffa6523000 	C:\WINDOWS\System32\USER32.dll
0x00007fffa3640000 - 0x00007fffa3661000 	C:\WINDOWS\System32\win32u.dll
0x00007fffa49b0000 - 0x00007fffa49d6000 	C:\WINDOWS\System32\GDI32.dll
0x00007fffa3c00000 - 0x00007fffa3d94000 	C:\WINDOWS\System32\gdi32full.dll
0x00007fffa3da0000 - 0x00007fffa3e3e000 	C:\WINDOWS\System32\msvcp_win.dll
0x00007fffa3750000 - 0x00007fffa384a000 	C:\WINDOWS\System32\ucrtbase.dll
0x00007fff91880000 - 0x00007fff91b05000 	C:\WINDOWS\WinSxS\amd64_microsoft.windows.common-controls_6595b64144ccf1df_6.0.18362.239_none_e6c7aebd130c7608\COMCTL32.dll
0x00007fffa4e30000 - 0x00007fffa5166000 	C:\WINDOWS\System32\combase.dll
0x00007fffa36d0000 - 0x00007fffa3750000 	C:\WINDOWS\System32\bcryptPrimitives.dll
0x00007fffa6250000 - 0x00007fffa627e000 	C:\WINDOWS\System32\IMM32.DLL
0x00000000515d0000 - 0x00000000516a2000 	C:\Program Files\Java\jdk1.8.0_191\jre\bin\msvcr100.dll
0x0000000050550000 - 0x0000000050df4000 	C:\Program Files\Java\jdk1.8.0_191\jre\bin\server\jvm.dll
0x00007fffa4760000 - 0x00007fffa4768000 	C:\WINDOWS\System32\PSAPI.DLL
0x00007fffa0740000 - 0x00007fffa0764000 	C:\WINDOWS\SYSTEM32\WINMM.dll
0x00007fffa20e0000 - 0x00007fffa20e9000 	C:\WINDOWS\SYSTEM32\WSOCK32.dll
0x00007fffa5490000 - 0x00007fffa54ff000 	C:\WINDOWS\System32\WS2_32.dll
0x00007fff94250000 - 0x00007fff9425a000 	C:\WINDOWS\SYSTEM32\VERSION.dll
0x00007fffa0710000 - 0x00007fffa073d000 	C:\WINDOWS\SYSTEM32\winmmbase.dll
0x00007fffa3b00000 - 0x00007fffa3b4a000 	C:\WINDOWS\System32\cfgmgr32.dll
0x00000000515c0000 - 0x00000000515cf000 	C:\Program Files\Java\jdk1.8.0_191\jre\bin\verify.dll
0x0000000051590000 - 0x00000000515b9000 	C:\Program Files\Java\jdk1.8.0_191\jre\bin\java.dll
0x0000000051540000 - 0x0000000051556000 	C:\Program Files\Java\jdk1.8.0_191\jre\bin\zip.dll
0x00007fff7f2a0000 - 0x00007fff7f2d6000 	C:\Program Files (x86)\Fortinet\FortiClient\x64\AntiExploitCore64.dll
0x00007fffa5b70000 - 0x00007fffa6250000 	C:\WINDOWS\System32\SHELL32.dll
0x00007fffa52b0000 - 0x00007fffa5359000 	C:\WINDOWS\System32\shcore.dll
0x00007fffa3fe0000 - 0x00007fffa475b000 	C:\WINDOWS\System32\windows.storage.dll
0x00007fffa3620000 - 0x00007fffa363f000 	C:\WINDOWS\System32\profapi.dll
0x00007fffa35d0000 - 0x00007fffa361a000 	C:\WINDOWS\System32\powrprof.dll
0x00007fffa3580000 - 0x00007fffa3590000 	C:\WINDOWS\System32\UMPDC.dll
0x00007fffa6330000 - 0x00007fffa6382000 	C:\WINDOWS\System32\shlwapi.dll
0x00007fffa35b0000 - 0x00007fffa35c1000 	C:\WINDOWS\System32\kernel.appcore.dll
0x00007fffa3fc0000 - 0x00007fffa3fd7000 	C:\WINDOWS\System32\cryptsp.dll
0x0000000050540000 - 0x000000005054d000 	C:\Program Files\Java\jdk1.8.0_191\jre\bin\management.dll
0x0000000051520000 - 0x000000005153a000 	C:\Program Files\Java\jdk1.8.0_191\jre\bin\net.dll
0x00007fffa2df0000 - 0x00007fffa2e57000 	C:\WINDOWS\system32\mswsock.dll
0x0000000051500000 - 0x0000000051511000 	C:\Program Files\Java\jdk1.8.0_191\jre\bin\nio.dll
0x00007fff90230000 - 0x00007fff90246000 	C:\WINDOWS\system32\napinsp.dll
0x00007fff90210000 - 0x00007fff9022a000 	C:\WINDOWS\system32\pnrpnsp.dll
0x00007fffa2b90000 - 0x00007fffa2c5a000 	C:\WINDOWS\SYSTEM32\DNSAPI.dll
0x00007fffa5500000 - 0x00007fffa5508000 	C:\WINDOWS\System32\NSI.dll
0x00007fffa2b50000 - 0x00007fffa2b8a000 	C:\WINDOWS\SYSTEM32\IPHLPAPI.DLL
0x00007fff901e0000 - 0x00007fff901ee000 	C:\WINDOWS\System32\winrnr.dll
0x00007fffa0a10000 - 0x00007fffa0a2c000 	C:\WINDOWS\system32\NLAapi.dll
0x00007fff901c0000 - 0x00007fff901d5000 	C:\WINDOWS\system32\wshbth.dll
0x00007fff95880000 - 0x00007fff9588a000 	C:\Windows\System32\rasadhlp.dll
0x00007fff9eaf0000 - 0x00007fff9eb67000 	C:\WINDOWS\System32\fwpuclnt.dll
0x00007fffa3f90000 - 0x00007fffa3fb6000 	C:\WINDOWS\System32\bcrypt.dll

VM Arguments:
java_command: C:\Users\pmatysik\AppData\Local\Temp\surefire6581643850870448178\surefirebooter7314652675311570833.jar C:\Users\pmatysik\AppData\Local\Temp\surefire6581643850870448178 2019-07-21T10-34-50_883-jvmRun1 surefire4729093458246607233tmp surefire_07889667998755647179tmp
java_class_path (initial): C:\Users\pmatysik\AppData\Local\Temp\surefire6581643850870448178\surefirebooter7314652675311570833.jar
Launcher Type: SUN_STANDARD

Environment Variables:
JAVA_HOME=C:\Program Files\Java\jdk1.8.0_191
PATH=C:\Program Files\JetBrains\IntelliJ IDEA 2019.2\jbr\\bin;C:\Program Files\JetBrains\IntelliJ IDEA 2019.2\jbr\\bin\server;C:\Program Files\MongoDB\Server\4.0\bin;C:\Program Files\PuTTY\;C:\Program Files (x86)\Brackets\command;C:\Program Files\apache-maven-3.6.0\bin;;%SystemRoot%\system32;%SystemRoot%;%SystemRoot%\System32\Wbem;%SYSTEMROOT%\System32\WindowsPowerShell\v1.0\;%SYSTEMROOT%\System32\OpenSSH\;C:\Users\pmatysik\AppData\Local\Microsoft\WindowsApps;
USERNAME=pmatysik
OS=Windows_NT
PROCESSOR_IDENTIFIER=Intel64 Family 6 Model 78 Stepping 3, GenuineIntel



---------------  S Y S T E M  ---------------

OS: Windows 10.0 , 64 bit Build 18362 (10.0.18362.86)

CPU:total 4 (initial active 4) (2 cores per cpu, 2 threads per core) family 6 model 78 stepping 3, cmov, cx8, fxsr, mmx, sse, sse2, sse3, ssse3, sse4.1, sse4.2, popcnt, avx, avx2, aes, clmul, erms, 3dnowpref, lzcnt, ht, tsc, tscinvbit, bmi1, bmi2, adx

Memory: 4k page, physical 8204900k(1385868k free), swap 8204900k(3100k free)

vm_info: Java HotSpot(TM) 64-Bit Server VM (25.191-b12) for windows-amd64 JRE (1.8.0_191-b12), built on Oct  6 2018 09:29:03 by "java_re" with MS VC++ 10.0 (VS2010)

time: Sun Jul 21 10:34:56 2019
elapsed time: 4 seconds (0d 0h 0m 4s)

